pid=12128 tid=12152 2017-08-14 21:47:30.742 ALARM log4zd.dll logger "-----------------  log4z thread started!   ----------------------------" LogerManager::run (log4z.cpp):1808
pid=12128 tid=12152 2017-08-14 21:47:30.742 ALARM log4zd.dll logger "logger id=0 key=main name=notepad path=./log/ level=1 display=1" LogerManager::run (log4z.cpp):1820
pid=12128 tid=12140 2017-08-14 21:47:30.809 INFO  sinstar3_tsf.dll sinstar3_core "GetThreadID=12140 focus=1" CSinstar3Impl::OnSetFocus (Sinstar3Impl.cpp):91
pid=12128 tid=12140 2017-08-14 21:47:34.857 FATAL MSCTF.dll sinstar3_tsf "ITfThreadMgrEventSink::OnSetFocus, pDocMgrFocus is 0, pDocMgrPrevFocus is 682c3920" CSinstar3Tsf::OnSetFocus (threadmgreventsink.cpp):44
pid=12128 tid=12140 2017-08-14 21:47:34.857 INFO  sinstar3_tsf.dll sinstar3_core "GetThreadID=12140 focus=0" CSinstar3Impl::OnSetFocus (Sinstar3Impl.cpp):91
pid=12128 tid=12140 2017-08-14 21:47:34.964 FATAL MSCTF.dll sinstar3_tsf "OnKillThreadFocus" CSinstar3Tsf::OnKillThreadFocus (threadmgreventsink.cpp):72
pid=12128 tid=12140 2017-08-14 21:47:34.964 INFO  sinstar3_tsf.dll sinstar3_core "GetThreadID=12140 focus=0" CSinstar3Impl::OnSetFocus (Sinstar3Impl.cpp):91
pid=12128 tid=12140 2017-08-14 21:48:47.780 FATAL MSCTF.dll sinstar3_tsf "ITfThreadMgrEventSink::OnSetFocus, pDocMgrFocus is 682c3920, pDocMgrPrevFocus is 0" CSinstar3Tsf::OnSetFocus (threadmgreventsink.cpp):44
pid=12128 tid=12140 2017-08-14 21:48:47.780 INFO  sinstar3_tsf.dll sinstar3_core "GetThreadID=12140 focus=0" CSinstar3Impl::OnSetFocus (Sinstar3Impl.cpp):91
pid=12128 tid=12140 2017-08-14 21:48:47.886 FATAL MSCTF.dll sinstar3_tsf "OnSetThreadFocus" CSinstar3Tsf::OnSetThreadFocus (threadmgreventsink.cpp):60
pid=12128 tid=12140 2017-08-14 21:48:47.886 INFO  sinstar3_tsf.dll sinstar3_core "GetThreadID=12140 focus=1" CSinstar3Impl::OnSetFocus (Sinstar3Impl.cpp):91
pid=12128 tid=12140 2017-08-14 21:48:55.000 INFO  sinstar3_tsf.dll sinstar3_tsf "$$$$$_StartComposition" CSinstar3Tsf::_StartComposition (composition.cpp):38
pid=12128 tid=12084 2017-08-14 21:49:43.559 INFO  sinstar3_tsf.dll sinstar3_tsf "DLL_THREAD_DETACH" DllMain (dllmain.cpp):52
pid=12128 tid=12140 2017-08-14 21:49:43.579 FATAL MSCTF.dll sinstar3_tsf "ITfTextEditSink::OnEndEdit cookie:741437483" CSinstar3Tsf::OnEndEdit (texteditsink.cpp):42
pid=12128 tid=12140 2017-08-14 21:49:43.580 FATAL MSCTF.dll sinstar3_tsf "OnTestKeyDown: wParam:00000044,lparam:00200001" CSinstar3Tsf::OnTestKeyDown (keyeventsink.cpp):21
pid=12128 tid=12140 2017-08-14 21:49:43.580 FATAL MSCTF.dll sinstar3_tsf "OnKeyDown: 44 200000" CSinstar3Tsf::OnKeyDown (keyeventsink.cpp):42
pid=12128 tid=12140 2017-08-14 21:49:43.580 FATAL sinstar3_tsf.dll sinstar3_tsf "OnTestKeyDown: wParam:00000044,lparam:00200000" CSinstar3Tsf::OnTestKeyDown (keyeventsink.cpp):21
pid=12128 tid=12140 2017-08-14 21:49:43.584 FATAL MSCTF.dll sinstar3_tsf "ITfTextEditSink::OnEndEdit cookie:741437487" CSinstar3Tsf::OnEndEdit (texteditsink.cpp):42
pid=12128 tid=12140 2017-08-14 21:49:43.584 FATAL MSCTF.dll sinstar3_tsf "ITfThreadMgrEventSink::OnSetFocus, pDocMgrFocus is 0, pDocMgrPrevFocus is 682c3920" CSinstar3Tsf::OnSetFocus (threadmgreventsink.cpp):44
pid=12128 tid=12140 2017-08-14 21:49:43.584 INFO  sinstar3_tsf.dll sinstar3_core "GetThreadID=12140 focus=0" CSinstar3Impl::OnSetFocus (Sinstar3Impl.cpp):91
pid=12128 tid=12140 2017-08-14 21:49:43.683 FATAL MSCTF.dll sinstar3_tsf "OnKillThreadFocus" CSinstar3Tsf::OnKillThreadFocus (threadmgreventsink.cpp):72
pid=12128 tid=12140 2017-08-14 21:49:43.683 INFO  sinstar3_tsf.dll sinstar3_core "GetThreadID=12140 focus=0" CSinstar3Impl::OnSetFocus (Sinstar3Impl.cpp):91
pid=12128 tid=12140 2017-08-14 21:49:44.526 FATAL MSCTF.dll sinstar3_tsf "ITfThreadMgrEventSink::OnSetFocus, pDocMgrFocus is 682c3920, pDocMgrPrevFocus is 0" CSinstar3Tsf::OnSetFocus (threadmgreventsink.cpp):44
pid=12128 tid=12140 2017-08-14 21:49:44.526 INFO  sinstar3_tsf.dll sinstar3_core "GetThreadID=12140 focus=0" CSinstar3Impl::OnSetFocus (Sinstar3Impl.cpp):91
pid=12128 tid=12140 2017-08-14 21:49:44.636 FATAL MSCTF.dll sinstar3_tsf "OnSetThreadFocus" CSinstar3Tsf::OnSetThreadFocus (threadmgreventsink.cpp):60
pid=12128 tid=12140 2017-08-14 21:49:44.637 INFO  sinstar3_tsf.dll sinstar3_core "GetThreadID=12140 focus=1" CSinstar3Impl::OnSetFocus (Sinstar3Impl.cpp):91
